<?xml version="1.0" encoding="UTF-8"?>
<testsuite xmlns:xsi="http://www.w3.org/2001/XMLSchema-instance" xsi:noNamespaceSchemaLocation="https://maven.apache.org/surefire/maven-surefire-plugin/xsd/surefire-test-report-3.0.xsd" version="3.0" name="com.BitTE.OptimizationProject.ExtrasTest" time="0.04" tests="9" errors="0" skipped="0" failures="0">
  <properties>
    <property name="java.specification.version" value="22"/>
    <property name="sun.cpu.isalist" value="amd64"/>
    <property name="sun.jnu.encoding" value="Cp1252"/>
    <property name="java.class.path" value="D:\sxolh\PROG I\ClonedRepository\BitTE\target\test-classes;D:\sxolh\PROG I\ClonedRepository\BitTE\target\classes;C:\Users\chris\.m2\repository\org\openjfx\javafx-controls\17\javafx-controls-17.jar;C:\Users\chris\.m2\repository\org\openjfx\javafx-controls\17\javafx-controls-17-win.jar;C:\Users\chris\.m2\repository\org\openjfx\javafx-fxml\17\javafx-fxml-17.jar;C:\Users\chris\.m2\repository\org\openjfx\javafx-fxml\17\javafx-fxml-17-win.jar;C:\Users\chris\.m2\repository\org\openjfx\javafx-graphics\17\javafx-graphics-17.jar;C:\Users\chris\.m2\repository\org\openjfx\javafx-graphics\17\javafx-graphics-17-win.jar;C:\Users\chris\.m2\repository\org\openjfx\javafx-base\17\javafx-base-17.jar;C:\Users\chris\.m2\repository\org\openjfx\javafx-base\17\javafx-base-17-win.jar;C:\Users\chris\.m2\repository\org\junit\jupiter\junit-jupiter\5.10.0\junit-jupiter-5.10.0.jar;C:\Users\chris\.m2\repository\org\junit\jupiter\junit-jupiter-api\5.10.0\junit-jupiter-api-5.10.0.jar;C:\Users\chris\.m2\repository\org\opentest4j\opentest4j\1.3.0\opentest4j-1.3.0.jar;C:\Users\chris\.m2\repository\org\junit\platform\junit-platform-commons\1.10.0\junit-platform-commons-1.10.0.jar;C:\Users\chris\.m2\repository\org\apiguardian\apiguardian-api\1.1.2\apiguardian-api-1.1.2.jar;C:\Users\chris\.m2\repository\org\junit\jupiter\junit-jupiter-params\5.10.0\junit-jupiter-params-5.10.0.jar;C:\Users\chris\.m2\repository\org\junit\jupiter\junit-jupiter-engine\5.10.0\junit-jupiter-engine-5.10.0.jar;C:\Users\chris\.m2\repository\org\junit\platform\junit-platform-engine\1.10.0\junit-platform-engine-1.10.0.jar;C:\Users\chris\.m2\repository\org\choco-solver\choco-solver\4.10.14\choco-solver-4.10.14.jar;C:\Users\chris\.m2\repository\dk\brics\automaton\automaton\1.11-8\automaton-1.11-8.jar;C:\Users\chris\.m2\repository\org\jgrapht\jgrapht-core\1.4.0\jgrapht-core-1.4.0.jar;C:\Users\chris\.m2\repository\org\jheaps\jheaps\0.11\jheaps-0.11.jar;C:\Users\chris\.m2\repository\org\knowm\xchart\xchart\3.8.3\xchart-3.8.3.jar;C:\Users\chris\.m2\repository\de\erichseifert\vectorgraphics2d\VectorGraphics2D\0.13\VectorGraphics2D-0.13.jar;C:\Users\chris\.m2\repository\de\rototor\pdfbox\graphics2d\0.41\graphics2d-0.41.jar;C:\Users\chris\.m2\repository\org\apache\pdfbox\pdfbox\2.0.26\pdfbox-2.0.26.jar;C:\Users\chris\.m2\repository\org\apache\pdfbox\fontbox\2.0.26\fontbox-2.0.26.jar;C:\Users\chris\.m2\repository\commons-logging\commons-logging\1.2\commons-logging-1.2.jar;C:\Users\chris\.m2\repository\com\madgag\animated-gif-lib\1.4\animated-gif-lib-1.4.jar;C:\Users\chris\.m2\repository\org\ehcache\sizeof\0.4.3\sizeof-0.4.3.jar;C:\Users\chris\.m2\repository\net\sf\trove4j\trove4j\3.0.3\trove4j-3.0.3.jar;C:\Users\chris\.m2\repository\org\xerial\sqlite-jdbc\3.36.0.3\sqlite-jdbc-3.36.0.3.jar;C:\Users\chris\.m2\repository\org\tinylog\tinylog-api\2.6.2\tinylog-api-2.6.2.jar;C:\Users\chris\.m2\repository\org\tinylog\tinylog-impl\2.6.2\tinylog-impl-2.6.2.jar;C:\Users\chris\.m2\repository\com\zaxxer\HikariCP\6.2.1\HikariCP-6.2.1.jar;C:\Users\chris\.m2\repository\org\slf4j\slf4j-api\1.7.36\slf4j-api-1.7.36.jar;C:\Users\chris\.m2\repository\org\springframework\spring-context\5.3.30\spring-context-5.3.30.jar;C:\Users\chris\.m2\repository\org\springframework\spring-aop\5.3.30\spring-aop-5.3.30.jar;C:\Users\chris\.m2\repository\org\springframework\spring-beans\5.3.30\spring-beans-5.3.30.jar;C:\Users\chris\.m2\repository\org\springframework\spring-core\5.3.30\spring-core-5.3.30.jar;C:\Users\chris\.m2\repository\org\springframework\spring-jcl\5.3.30\spring-jcl-5.3.30.jar;C:\Users\chris\.m2\repository\org\springframework\spring-expression\5.3.30\spring-expression-5.3.30.jar;"/>
    <property name="java.vm.vendor" value="Oracle Corporation"/>
    <property name="sun.arch.data.model" value="64"/>
    <property name="user.variant" value=""/>
    <property name="java.vendor.url" value="https://java.oracle.com/"/>
    <property name="user.timezone" value="Europe/Athens"/>
    <property name="os.name" value="Windows 11"/>
    <property name="java.vm.specification.version" value="22"/>
    <property name="sun.java.launcher" value="SUN_STANDARD"/>
    <property name="user.country" value="US"/>
    <property name="sun.boot.library.path" value="C:\Program Files\Java\jdk-22\bin"/>
    <property name="sun.java.command" value="C:\cygwin64\tmp\surefire4948733436029973682\surefirebooter-20250116230823959_3.jar C:\cygwin64\tmp\surefire4948733436029973682 2025-01-16T23-08-23_731-jvmRun1 surefire-20250116230823959_1tmp surefire_0-20250116230823959_2tmp"/>
    <property name="jdk.debug" value="release"/>
    <property name="surefire.test.class.path" value="D:\sxolh\PROG I\ClonedRepository\BitTE\target\test-classes;D:\sxolh\PROG I\ClonedRepository\BitTE\target\classes;C:\Users\chris\.m2\repository\org\openjfx\javafx-controls\17\javafx-controls-17.jar;C:\Users\chris\.m2\repository\org\openjfx\javafx-controls\17\javafx-controls-17-win.jar;C:\Users\chris\.m2\repository\org\openjfx\javafx-fxml\17\javafx-fxml-17.jar;C:\Users\chris\.m2\repository\org\openjfx\javafx-fxml\17\javafx-fxml-17-win.jar;C:\Users\chris\.m2\repository\org\openjfx\javafx-graphics\17\javafx-graphics-17.jar;C:\Users\chris\.m2\repository\org\openjfx\javafx-graphics\17\javafx-graphics-17-win.jar;C:\Users\chris\.m2\repository\org\openjfx\javafx-base\17\javafx-base-17.jar;C:\Users\chris\.m2\repository\org\openjfx\javafx-base\17\javafx-base-17-win.jar;C:\Users\chris\.m2\repository\org\junit\jupiter\junit-jupiter\5.10.0\junit-jupiter-5.10.0.jar;C:\Users\chris\.m2\repository\org\junit\jupiter\junit-jupiter-api\5.10.0\junit-jupiter-api-5.10.0.jar;C:\Users\chris\.m2\repository\org\opentest4j\opentest4j\1.3.0\opentest4j-1.3.0.jar;C:\Users\chris\.m2\repository\org\junit\platform\junit-platform-commons\1.10.0\junit-platform-commons-1.10.0.jar;C:\Users\chris\.m2\repository\org\apiguardian\apiguardian-api\1.1.2\apiguardian-api-1.1.2.jar;C:\Users\chris\.m2\repository\org\junit\jupiter\junit-jupiter-params\5.10.0\junit-jupiter-params-5.10.0.jar;C:\Users\chris\.m2\repository\org\junit\jupiter\junit-jupiter-engine\5.10.0\junit-jupiter-engine-5.10.0.jar;C:\Users\chris\.m2\repository\org\junit\platform\junit-platform-engine\1.10.0\junit-platform-engine-1.10.0.jar;C:\Users\chris\.m2\repository\org\choco-solver\choco-solver\4.10.14\choco-solver-4.10.14.jar;C:\Users\chris\.m2\repository\dk\brics\automaton\automaton\1.11-8\automaton-1.11-8.jar;C:\Users\chris\.m2\repository\org\jgrapht\jgrapht-core\1.4.0\jgrapht-core-1.4.0.jar;C:\Users\chris\.m2\repository\org\jheaps\jheaps\0.11\jheaps-0.11.jar;C:\Users\chris\.m2\repository\org\knowm\xchart\xchart\3.8.3\xchart-3.8.3.jar;C:\Users\chris\.m2\repository\de\erichseifert\vectorgraphics2d\VectorGraphics2D\0.13\VectorGraphics2D-0.13.jar;C:\Users\chris\.m2\repository\de\rototor\pdfbox\graphics2d\0.41\graphics2d-0.41.jar;C:\Users\chris\.m2\repository\org\apache\pdfbox\pdfbox\2.0.26\pdfbox-2.0.26.jar;C:\Users\chris\.m2\repository\org\apache\pdfbox\fontbox\2.0.26\fontbox-2.0.26.jar;C:\Users\chris\.m2\repository\commons-logging\commons-logging\1.2\commons-logging-1.2.jar;C:\Users\chris\.m2\repository\com\madgag\animated-gif-lib\1.4\animated-gif-lib-1.4.jar;C:\Users\chris\.m2\repository\org\ehcache\sizeof\0.4.3\sizeof-0.4.3.jar;C:\Users\chris\.m2\repository\net\sf\trove4j\trove4j\3.0.3\trove4j-3.0.3.jar;C:\Users\chris\.m2\repository\org\xerial\sqlite-jdbc\3.36.0.3\sqlite-jdbc-3.36.0.3.jar;C:\Users\chris\.m2\repository\org\tinylog\tinylog-api\2.6.2\tinylog-api-2.6.2.jar;C:\Users\chris\.m2\repository\org\tinylog\tinylog-impl\2.6.2\tinylog-impl-2.6.2.jar;C:\Users\chris\.m2\repository\com\zaxxer\HikariCP\6.2.1\HikariCP-6.2.1.jar;C:\Users\chris\.m2\repository\org\slf4j\slf4j-api\1.7.36\slf4j-api-1.7.36.jar;C:\Users\chris\.m2\repository\org\springframework\spring-context\5.3.30\spring-context-5.3.30.jar;C:\Users\chris\.m2\repository\org\springframework\spring-aop\5.3.30\spring-aop-5.3.30.jar;C:\Users\chris\.m2\repository\org\springframework\spring-beans\5.3.30\spring-beans-5.3.30.jar;C:\Users\chris\.m2\repository\org\springframework\spring-core\5.3.30\spring-core-5.3.30.jar;C:\Users\chris\.m2\repository\org\springframework\spring-jcl\5.3.30\spring-jcl-5.3.30.jar;C:\Users\chris\.m2\repository\org\springframework\spring-expression\5.3.30\spring-expression-5.3.30.jar;"/>
    <property name="sun.cpu.endian" value="little"/>
    <property name="user.home" value="C:\Users\chris"/>
    <property name="user.language" value="en"/>
    <property name="java.specification.vendor" value="Oracle Corporation"/>
    <property name="java.version.date" value="2024-04-16"/>
    <property name="java.home" value="C:\Program Files\Java\jdk-22"/>
    <property name="file.separator" value="\"/>
    <property name="basedir" value="D:\sxolh\PROG I\ClonedRepository\BitTE"/>
    <property name="java.vm.compressedOopsMode" value="Zero based"/>
    <property name="line.separator" value="&#10;"/>
    <property name="java.vm.specification.vendor" value="Oracle Corporation"/>
    <property name="java.specification.name" value="Java Platform API Specification"/>
    <property name="surefire.real.class.path" value="C:\cygwin64\tmp\surefire4948733436029973682\surefirebooter-20250116230823959_3.jar"/>
    <property name="user.script" value=""/>
    <property name="sun.management.compiler" value="HotSpot 64-Bit Tiered Compilers"/>
    <property name="java.runtime.version" value="22.0.1+8-16"/>
    <property name="user.name" value="chris"/>
    <property name="stdout.encoding" value="Cp1252"/>
    <property name="path.separator" value=";"/>
    <property name="os.version" value="10.0"/>
    <property name="java.runtime.name" value="Java(TM) SE Runtime Environment"/>
    <property name="file.encoding" value="UTF-8"/>
    <property name="java.vm.name" value="Java HotSpot(TM) 64-Bit Server VM"/>
    <property name="localRepository" value="C:\Users\chris\.m2\repository"/>
    <property name="java.vendor.url.bug" value="https://bugreport.java.com/bugreport/"/>
    <property name="java.io.tmpdir" value="C:\cygwin64\tmp\"/>
    <property name="java.version" value="22.0.1"/>
    <property name="user.dir" value="D:\sxolh\PROG I\ClonedRepository\BitTE"/>
    <property name="os.arch" value="amd64"/>
    <property name="java.vm.specification.name" value="Java Virtual Machine Specification"/>
    <property name="sun.os.patch.level" value=""/>
    <property name="native.encoding" value="Cp1252"/>
    <property name="java.library.path" value="C:\Program Files\Java\jdk-22\bin;C:\WINDOWS\Sun\Java\bin;C:\WINDOWS\system32;C:\WINDOWS;C:\cygwin64\usr\local\bin;C:\cygwin64\bin;C:\Program Files\Java\jdk-22\bin;C:\Program Files\Common Files\Oracle\Java\javapath;C:\Windows\system32;C:\Windows;C:\Windows\System32\Wbem;C:\Windows\System32\WindowsPowerShell\v1.0;C:\Windows\System32\OpenSSH;C:\Program Files (x86)\NVIDIA Corporation\PhysX\Common;C:\Program Files\NVIDIA Corporation\NVIDIA NvDLISR;C:\WINDOWS\system32;C:\WINDOWS;C:\WINDOWS\System32\Wbem;C:\WINDOWS\System32\WindowsPowerShell\v1.0;C:\WINDOWS\System32\OpenSSH;C:\Program Files\PuTTY;C:\Program Files (x86)\PuTTY;D:\sxolh\PROGII\apache-maven-3.9.9\bin;D:\sxolh\PROGII\apache-maven-3.9.9\bin;C:\Program Files (x86)\Microsoft SQL Server\160\DTS\Binn;D:\sxolh\PROG I\Git\cmd;C:\Program Files\MySQL\MySQL Server 8.0\bin;C:\Program Files\MySQL\MySQL Shell 8.0\bin;C:\Users\chris\AppData\Local\Microsoft\WindowsApps;C:\Users\chris\AppData\Local\Programs\Microsoft VS Code\bin;C:\Users\chris\AppData\Local\GitHubDesktop\bin;;."/>
    <property name="java.vm.info" value="mixed mode, sharing"/>
    <property name="stderr.encoding" value="Cp1252"/>
    <property name="java.vendor" value="Oracle Corporation"/>
    <property name="java.vm.version" value="22.0.1+8-16"/>
    <property name="sun.io.unicode.encoding" value="UnicodeLittle"/>
    <property name="java.class.version" value="66.0"/>
  </properties>
  <testcase name="testDataIntegrityErrorDuringGetWeight" classname="com.BitTE.OptimizationProject.ExtrasTest" time="0.007">
    <system-out><![CDATA[2025-01-16 23:08:26 [main] com.BitTE.OptimizationProject.DatabaseConnection.getConnection()
INFO: Attempting to establish a database connection to: C:/sqlite/db/mydatabase.db
2025-01-16 23:08:26 [main] com.BitTE.OptimizationProject.DatabaseConnection.getConnection()
INFO: Database connection established successfully to: C:/sqlite/db/mydatabase.db
]]></system-out>
  </testcase>
  <testcase name="testFetchVolumeFromDBWithInvalidType" classname="com.BitTE.OptimizationProject.ExtrasTest" time="0.003">
    <system-out><![CDATA[2025-01-16 23:08:26 [main] com.BitTE.OptimizationProject.DatabaseConnection.getConnection()
INFO: Attempting to establish a database connection to: C:/sqlite/db/mydatabase.db
2025-01-16 23:08:26 [main] com.BitTE.OptimizationProject.DatabaseConnection.getConnection()
INFO: Database connection established successfully to: C:/sqlite/db/mydatabase.db
]]></system-out>
  </testcase>
  <testcase name="testConstructorForNonEssentialItems" classname="com.BitTE.OptimizationProject.ExtrasTest" time="0.001"/>
  <testcase name="testFetchWeightFromDBForPassportSizeS" classname="com.BitTE.OptimizationProject.ExtrasTest" time="0.003">
    <system-out><![CDATA[2025-01-16 23:08:26 [main] com.BitTE.OptimizationProject.DatabaseConnection.getConnection()
INFO: Attempting to establish a database connection to: C:/sqlite/db/mydatabase.db
2025-01-16 23:08:26 [main] com.BitTE.OptimizationProject.DatabaseConnection.getConnection()
INFO: Database connection established successfully to: C:/sqlite/db/mydatabase.db
]]></system-out>
  </testcase>
  <testcase name="testFetchVolumeFromDBForPassportSizeS" classname="com.BitTE.OptimizationProject.ExtrasTest" time="0.004">
    <system-out><![CDATA[2025-01-16 23:08:26 [main] com.BitTE.OptimizationProject.DatabaseConnection.getConnection()
INFO: Attempting to establish a database connection to: C:/sqlite/db/mydatabase.db
2025-01-16 23:08:26 [main] com.BitTE.OptimizationProject.DatabaseConnection.getConnection()
INFO: Database connection established successfully to: C:/sqlite/db/mydatabase.db
]]></system-out>
  </testcase>
  <testcase name="testFetchWeightFromDBForComputerSizeS" classname="com.BitTE.OptimizationProject.ExtrasTest" time="0.004">
    <system-out><![CDATA[2025-01-16 23:08:26 [main] com.BitTE.OptimizationProject.DatabaseConnection.getConnection()
INFO: Attempting to establish a database connection to: C:/sqlite/db/mydatabase.db
2025-01-16 23:08:26 [main] com.BitTE.OptimizationProject.DatabaseConnection.getConnection()
INFO: Database connection established successfully to: C:/sqlite/db/mydatabase.db
]]></system-out>
  </testcase>
  <testcase name="testConstructorForEssentialItems" classname="com.BitTE.OptimizationProject.ExtrasTest" time="0.001"/>
  <testcase name="testFetchVolumeFromDBForComputerSizeS" classname="com.BitTE.OptimizationProject.ExtrasTest" time="0.003">
    <system-out><![CDATA[2025-01-16 23:08:26 [main] com.BitTE.OptimizationProject.DatabaseConnection.getConnection()
INFO: Attempting to establish a database connection to: C:/sqlite/db/mydatabase.db
2025-01-16 23:08:26 [main] com.BitTE.OptimizationProject.DatabaseConnection.getConnection()
INFO: Database connection established successfully to: C:/sqlite/db/mydatabase.db
]]></system-out>
  </testcase>
  <testcase name="testToStringReturnsCorrectFormatWhenDataIsAvailableForEssential" classname="com.BitTE.OptimizationProject.ExtrasTest" time="0.007">
    <system-out><![CDATA[2025-01-16 23:08:26 [main] com.BitTE.OptimizationProject.DatabaseConnection.getConnection()
INFO: Attempting to establish a database connection to: C:/sqlite/db/mydatabase.db
2025-01-16 23:08:26 [main] com.BitTE.OptimizationProject.DatabaseConnection.getConnection()
INFO: Database connection established successfully to: C:/sqlite/db/mydatabase.db
2025-01-16 23:08:26 [main] com.BitTE.OptimizationProject.DatabaseConnection.getConnection()
INFO: Attempting to establish a database connection to: C:/sqlite/db/mydatabase.db
2025-01-16 23:08:26 [main] com.BitTE.OptimizationProject.DatabaseConnection.getConnection()
INFO: Database connection established successfully to: C:/sqlite/db/mydatabase.db
]]></system-out>
  </testcase>
</testsuite>